<?xml version="1.0" encoding="UTF-8"?>
<!-- Generated by org.testng.reporters.JUnitXMLReporter -->
<testsuite ignored="0" hostname="Users-MacBook-Pro.local" failures="0" tests="2" name="Test" time="0.703" errors="0" timestamp="2025-01-18T11:22:04 IST">
  <testcase classname="testBase.BaseClass" name="@BeforeClass setup" time="0.47">
    <failure type="org.openqa.selenium.SessionNotCreatedException" message="Could not start a new session. Unable to parse remote response: &amp;lt;!DOCTYPE html&amp;gt;
&amp;lt;html lang=&amp;quot;en&amp;quot;&amp;gt;

&amp;lt;head&amp;gt;
  &amp;lt;meta charset=&amp;quot;utf-8&amp;quot;/&amp;gt;
  &amp;lt;link href=&amp;quot;favicon.svg&amp;quot; rel=&amp;quot;icon&amp;quot; type=&amp;quot;image/svg&amp;quot;&amp;gt;
  &amp;lt;meta content=&amp;quot;width=device-width, initial-scale=1&amp;quot; name=&amp;quot;viewport&amp;quot;/&amp;gt;
  &amp;lt;link href=&amp;quot;logo192.png&amp;quot; rel=&amp;quot;apple-touch-icon&amp;quot;/&amp;gt;
  &amp;lt;link href=&amp;quot;manifest.json&amp;quot; rel=&amp;quot;manifest&amp;quot;/&amp;gt;
  &amp;lt;title&amp;gt;Selenium Grid&amp;lt;/title&amp;gt;
&amp;lt;/head&amp;gt;

&amp;lt;body&amp;gt;
  &amp;lt;noscript&amp;gt;You need to enable JavaScript to run this app.&amp;lt;/noscript&amp;gt;
  &amp;lt;div id=&amp;quot;root&amp;quot;&amp;gt;&amp;lt;/div&amp;gt;
  &amp;lt;script src=&amp;quot;index.js&amp;quot;&amp;gt;&amp;lt;/script&amp;gt;
&amp;lt;/body&amp;gt;

&amp;lt;/html&amp;gt;
 
Host info: host: &amp;apos;Users-MacBook-Pro.local&amp;apos;, ip: &amp;apos;2401:4900:8819:1075:b9a1:83b3:3fa0:bda4%en0&amp;apos;">
      <![CDATA[org.openqa.selenium.SessionNotCreatedException: Could not start a new session. Unable to parse remote response: <!DOCTYPE html>
<html lang="en">

<head>
  <meta charset="utf-8"/>
  <link href="favicon.svg" rel="icon" type="image/svg">
  <meta content="width=device-width, initial-scale=1" name="viewport"/>
  <link href="logo192.png" rel="apple-touch-icon"/>
  <link href="manifest.json" rel="manifest"/>
  <title>Selenium Grid</title>
</head>

<body>
  <noscript>You need to enable JavaScript to run this app.</noscript>
  <div id="root"></div>
  <script src="index.js"></script>
</body>

</html>
 
Host info: host: 'Users-MacBook-Pro.local', ip: '2401:4900:8819:1075:b9a1:83b3:3fa0:bda4%en0'
at org.openqa.selenium.remote.ProtocolHandshake.createSession(ProtocolHandshake.java:100)
at org.openqa.selenium.remote.ProtocolHandshake.createSession(ProtocolHandshake.java:75)
at org.openqa.selenium.remote.ProtocolHandshake.createSession(ProtocolHandshake.java:61)
at org.openqa.selenium.remote.HttpCommandExecutor.execute(HttpCommandExecutor.java:162)
at org.openqa.selenium.remote.TracedCommandExecutor.execute(TracedCommandExecutor.java:53)
at org.openqa.selenium.remote.RemoteWebDriver.execute(RemoteWebDriver.java:545)
at org.openqa.selenium.remote.RemoteWebDriver.startSession(RemoteWebDriver.java:245)
at org.openqa.selenium.remote.RemoteWebDriver.<init>(RemoteWebDriver.java:174)
at org.openqa.selenium.remote.RemoteWebDriver.<init>(RemoteWebDriver.java:152)
at testBase.BaseClass.setup(BaseClass.java:72)
at java.base/java.util.ArrayList.forEach(ArrayList.java:1596)
Caused by: org.openqa.selenium.json.JsonException: Unable to parse: <!DOCTYPE html>
<html lang="en">

<head>
  <meta charset="utf-8"/>
  <link href="favicon.svg" rel="icon" type="image/svg">
  <meta content="width=device-width, initial-scale=1" name="viewport"/>
  <link href="logo192.png" rel="apple-touch-icon"/>
  <link href="manifest.json" rel="manifest"/>
  <title>Selenium Grid</title>
</head>

<body>
  <noscript>You need to enable JavaScript to run this app.</noscript>
  <div id="root"></div>
  <script src="index.js"></script>
</body>

</html>

at org.openqa.selenium.json.Json.toType(Json.java:169)
at org.openqa.selenium.json.Json.toType(Json.java:152)
at org.openqa.selenium.remote.ProtocolHandshake.createSession(ProtocolHandshake.java:96)
... 33 more
Caused by: org.openqa.selenium.json.JsonException: Unable to determine type from: <. Last 1 characters read: <, next 128 characters to read: !DOCTYPE html>
<html lang="en">

<head>
  <meta charset="utf-8"/>
  <link href="favicon.svg" rel="icon" type="image/svg">
  <met
Build info: version: '4.27.0', revision: 'd6e718d134'
System info: os.name: 'Mac OS X', os.arch: 'x86_64', os.version: '15.1.1', java.version: '21.0.5'
Driver info: driver.version: RemoteWebDriver
at org.openqa.selenium.json.JsonInput.peek(JsonInput.java:166)
at org.openqa.selenium.json.JsonTypeCoercer.lambda$buildCoercer$6(JsonTypeCoercer.java:167)
at org.openqa.selenium.json.JsonTypeCoercer.coerce(JsonTypeCoercer.java:146)
at org.openqa.selenium.json.Json.toType(Json.java:206)
at org.openqa.selenium.json.Json.toType(Json.java:167)
... 35 more
... Removed 23 stack frames]]>
    </failure>
  </testcase> <!-- @BeforeClass setup -->
  <testcase classname="testBase.BaseClass" name="@AfterClass tearDown" time="0.0">
    <skipped/>
  </testcase> <!-- @AfterClass tearDown -->
  <testcase classname="testBase.BaseClass" name="@BeforeClass setup" time="0.018">
    <failure type="org.openqa.selenium.SessionNotCreatedException" message="Could not start a new session. Unable to parse remote response: &amp;lt;!DOCTYPE html&amp;gt;
&amp;lt;html lang=&amp;quot;en&amp;quot;&amp;gt;

&amp;lt;head&amp;gt;
  &amp;lt;meta charset=&amp;quot;utf-8&amp;quot;/&amp;gt;
  &amp;lt;link href=&amp;quot;favicon.svg&amp;quot; rel=&amp;quot;icon&amp;quot; type=&amp;quot;image/svg&amp;quot;&amp;gt;
  &amp;lt;meta content=&amp;quot;width=device-width, initial-scale=1&amp;quot; name=&amp;quot;viewport&amp;quot;/&amp;gt;
  &amp;lt;link href=&amp;quot;logo192.png&amp;quot; rel=&amp;quot;apple-touch-icon&amp;quot;/&amp;gt;
  &amp;lt;link href=&amp;quot;manifest.json&amp;quot; rel=&amp;quot;manifest&amp;quot;/&amp;gt;
  &amp;lt;title&amp;gt;Selenium Grid&amp;lt;/title&amp;gt;
&amp;lt;/head&amp;gt;

&amp;lt;body&amp;gt;
  &amp;lt;noscript&amp;gt;You need to enable JavaScript to run this app.&amp;lt;/noscript&amp;gt;
  &amp;lt;div id=&amp;quot;root&amp;quot;&amp;gt;&amp;lt;/div&amp;gt;
  &amp;lt;script src=&amp;quot;index.js&amp;quot;&amp;gt;&amp;lt;/script&amp;gt;
&amp;lt;/body&amp;gt;

&amp;lt;/html&amp;gt;
 
Host info: host: &amp;apos;Users-MacBook-Pro.local&amp;apos;, ip: &amp;apos;2401:4900:8819:1075:b9a1:83b3:3fa0:bda4%en0&amp;apos;">
      <![CDATA[org.openqa.selenium.SessionNotCreatedException: Could not start a new session. Unable to parse remote response: <!DOCTYPE html>
<html lang="en">

<head>
  <meta charset="utf-8"/>
  <link href="favicon.svg" rel="icon" type="image/svg">
  <meta content="width=device-width, initial-scale=1" name="viewport"/>
  <link href="logo192.png" rel="apple-touch-icon"/>
  <link href="manifest.json" rel="manifest"/>
  <title>Selenium Grid</title>
</head>

<body>
  <noscript>You need to enable JavaScript to run this app.</noscript>
  <div id="root"></div>
  <script src="index.js"></script>
</body>

</html>
 
Host info: host: 'Users-MacBook-Pro.local', ip: '2401:4900:8819:1075:b9a1:83b3:3fa0:bda4%en0'
at org.openqa.selenium.remote.ProtocolHandshake.createSession(ProtocolHandshake.java:100)
at org.openqa.selenium.remote.ProtocolHandshake.createSession(ProtocolHandshake.java:75)
at org.openqa.selenium.remote.ProtocolHandshake.createSession(ProtocolHandshake.java:61)
at org.openqa.selenium.remote.HttpCommandExecutor.execute(HttpCommandExecutor.java:162)
at org.openqa.selenium.remote.TracedCommandExecutor.execute(TracedCommandExecutor.java:53)
at org.openqa.selenium.remote.RemoteWebDriver.execute(RemoteWebDriver.java:545)
at org.openqa.selenium.remote.RemoteWebDriver.startSession(RemoteWebDriver.java:245)
at org.openqa.selenium.remote.RemoteWebDriver.<init>(RemoteWebDriver.java:174)
at org.openqa.selenium.remote.RemoteWebDriver.<init>(RemoteWebDriver.java:152)
at testBase.BaseClass.setup(BaseClass.java:72)
at java.base/java.util.ArrayList.forEach(ArrayList.java:1596)
Caused by: org.openqa.selenium.json.JsonException: Unable to parse: <!DOCTYPE html>
<html lang="en">

<head>
  <meta charset="utf-8"/>
  <link href="favicon.svg" rel="icon" type="image/svg">
  <meta content="width=device-width, initial-scale=1" name="viewport"/>
  <link href="logo192.png" rel="apple-touch-icon"/>
  <link href="manifest.json" rel="manifest"/>
  <title>Selenium Grid</title>
</head>

<body>
  <noscript>You need to enable JavaScript to run this app.</noscript>
  <div id="root"></div>
  <script src="index.js"></script>
</body>

</html>

at org.openqa.selenium.json.Json.toType(Json.java:169)
at org.openqa.selenium.json.Json.toType(Json.java:152)
at org.openqa.selenium.remote.ProtocolHandshake.createSession(ProtocolHandshake.java:96)
... 33 more
Caused by: org.openqa.selenium.json.JsonException: Unable to determine type from: <. Last 1 characters read: <, next 128 characters to read: !DOCTYPE html>
<html lang="en">

<head>
  <meta charset="utf-8"/>
  <link href="favicon.svg" rel="icon" type="image/svg">
  <met
Build info: version: '4.27.0', revision: 'd6e718d134'
System info: os.name: 'Mac OS X', os.arch: 'x86_64', os.version: '15.1.1', java.version: '21.0.5'
Driver info: driver.version: RemoteWebDriver
at org.openqa.selenium.json.JsonInput.peek(JsonInput.java:166)
at org.openqa.selenium.json.JsonTypeCoercer.lambda$buildCoercer$6(JsonTypeCoercer.java:167)
at org.openqa.selenium.json.JsonTypeCoercer.coerce(JsonTypeCoercer.java:146)
at org.openqa.selenium.json.Json.toType(Json.java:206)
at org.openqa.selenium.json.Json.toType(Json.java:167)
... 35 more
... Removed 23 stack frames]]>
    </failure>
  </testcase> <!-- @BeforeClass setup -->
  <testcase classname="testBase.BaseClass" name="@AfterClass tearDown" time="0.0">
    <skipped/>
  </testcase> <!-- @AfterClass tearDown -->
  <testcase classname="testCases.TC001_AccountRegistrationTest" name="verify_account_registration" time="0.0">
    <skipped/>
  </testcase> <!-- verify_account_registration -->
  <testcase classname="testCases.TC002_LoginTest" name="verify_login" time="0.0">
    <skipped/>
  </testcase> <!-- verify_login -->
</testsuite> <!-- Test -->
